<?xml version="1.0" encoding="UTF-8"?>
<!-- Generated by org.testng.reporters.JUnitReportReporter -->
<testsuite name="com.learnautomation.testcases.LoginTestCRM" tests="1" time="8.728" ignored="0" failures="0" timestamp="02 May 2020 08:15:50 GMT" skipped="0" hostname="DESKTOP-OOVGCP5" errors="0">
  <testcase name="loginApp" time="8.728" classname="com.learnautomation.testcases.LoginTestCRM"/>
</testsuite> <!-- com.learnautomation.testcases.LoginTestCRM -->
